{
  "RSpec": {
    "coverage": {
      "/Users/isurangaperera/RubymineProjects/ideals/app/app/helpers/application_helper.rb": {
        "lines": [
          1,
          null
        ]
      },
      "/Users/isurangaperera/RubymineProjects/ideals/app/app/helpers/assumptions_helper.rb": {
        "lines": [
          1,
          null
        ]
      },
      "/Users/isurangaperera/RubymineProjects/ideals/app/app/helpers/newobjects_helper.rb": {
        "lines": [
          1,
          null
        ]
      },
      "/Users/isurangaperera/RubymineProjects/ideals/app/app/helpers/practices_helper.rb": {
        "lines": [
          1,
          null
        ]
      },
      "/Users/isurangaperera/RubymineProjects/ideals/app/app/helpers/theories_helper.rb": {
        "lines": [
          1,
          null
        ]
      },
      "/Users/isurangaperera/RubymineProjects/ideals/app/app/controllers/assumptions_controller.rb": {
        "lines": [
          1,
          1,
          null,
          null,
          1,
          0,
          null,
          null,
          null,
          1,
          null,
          null,
          null,
          1,
          1,
          null,
          null,
          null,
          1,
          null,
          null,
          null,
          1,
          2,
          null,
          2,
          2,
          2,
          1,
          null,
          2,
          1,
          null,
          null,
          null,
          null,
          null,
          1,
          2,
          2,
          4,
          2,
          null,
          0,
          0,
          null,
          null,
          null,
          null,
          null,
          1,
          1,
          null,
          1,
          2,
          1,
          null,
          null,
          null,
          1,
          null,
          1,
          3,
          null,
          null,
          null,
          1,
          4,
          null,
          null
        ]
      },
      "/Users/isurangaperera/RubymineProjects/ideals/app/app/controllers/application_controller.rb": {
        "lines": [
          1,
          null,
          1,
          null,
          null
        ]
      },
      "/Users/isurangaperera/RubymineProjects/ideals/app/app/controllers/practices_controller.rb": {
        "lines": [
          1,
          1,
          null,
          null,
          1,
          0,
          null,
          null,
          null,
          1,
          null,
          null,
          null,
          1,
          1,
          null,
          null,
          null,
          1,
          null,
          null,
          null,
          1,
          2,
          null,
          2,
          2,
          2,
          1,
          null,
          2,
          1,
          null,
          null,
          null,
          null,
          null,
          1,
          2,
          2,
          4,
          2,
          null,
          0,
          0,
          null,
          null,
          null,
          null,
          null,
          1,
          1,
          null,
          1,
          2,
          1,
          null,
          null,
          null,
          1,
          null,
          1,
          3,
          null,
          null,
          null,
          1,
          4,
          null,
          null
        ]
      },
      "/Users/isurangaperera/RubymineProjects/ideals/app/app/controllers/theories_controller.rb": {
        "lines": [
          1,
          1,
          null,
          null,
          1,
          0,
          null,
          null,
          null,
          1,
          null,
          null,
          null,
          1,
          1,
          null,
          null,
          null,
          1,
          null,
          null,
          null,
          1,
          2,
          null,
          2,
          2,
          2,
          1,
          null,
          2,
          1,
          null,
          null,
          null,
          null,
          null,
          1,
          2,
          2,
          4,
          2,
          null,
          0,
          0,
          null,
          null,
          null,
          null,
          null,
          1,
          1,
          null,
          1,
          2,
          1,
          null,
          null,
          null,
          1,
          null,
          1,
          3,
          null,
          null,
          null,
          1,
          4,
          null,
          null
        ]
      },
      "/Users/isurangaperera/RubymineProjects/ideals/app/app/models/assumption.rb": {
        "lines": [
          1,
          1,
          1,
          1,
          null
        ]
      },
      "/Users/isurangaperera/RubymineProjects/ideals/app/app/models/application_record.rb": {
        "lines": [
          1,
          1,
          null
        ]
      },
      "/Users/isurangaperera/RubymineProjects/ideals/app/app/models/newobject.rb": {
        "lines": [
          1,
          null
        ]
      },
      "/Users/isurangaperera/RubymineProjects/ideals/app/app/models/practice.rb": {
        "lines": [
          1,
          1,
          1,
          null
        ]
      },
      "/Users/isurangaperera/RubymineProjects/ideals/app/app/models/theory.rb": {
        "lines": [
          1,
          1,
          null,
          1,
          null
        ]
      }
    },
    "timestamp": 1678483589
  },
  "Cucumber Features": {
    "coverage": {
      "/Users/isurangaperera/RubymineProjects/ideals/app/app/models/theory.rb": {
        "lines": [
          1,
          1,
          null,
          1,
          null
        ]
      },
      "/Users/isurangaperera/RubymineProjects/ideals/app/app/models/application_record.rb": {
        "lines": [
          1,
          1,
          null
        ]
      },
      "/Users/isurangaperera/RubymineProjects/ideals/app/app/models/assumption.rb": {
        "lines": [
          1,
          1,
          1,
          1,
          null
        ]
      },
      "/Users/isurangaperera/RubymineProjects/ideals/app/app/models/practice.rb": {
        "lines": [
          1,
          1,
          1,
          null
        ]
      },
      "/Users/isurangaperera/RubymineProjects/ideals/app/app/controllers/theories_controller.rb": {
        "lines": [
          1,
          1,
          null,
          null,
          1,
          2,
          null,
          null,
          null,
          1,
          null,
          null,
          null,
          1,
          1,
          null,
          null,
          null,
          1,
          null,
          null,
          null,
          1,
          1,
          null,
          1,
          1,
          2,
          1,
          null,
          0,
          0,
          null,
          null,
          null,
          null,
          null,
          1,
          0,
          0,
          0,
          0,
          null,
          0,
          0,
          null,
          null,
          null,
          null,
          null,
          1,
          0,
          null,
          0,
          0,
          0,
          null,
          null,
          null,
          1,
          null,
          1,
          1,
          null,
          null,
          null,
          1,
          1,
          null,
          null
        ]
      },
      "/Users/isurangaperera/RubymineProjects/ideals/app/app/controllers/application_controller.rb": {
        "lines": [
          1,
          null,
          1,
          null,
          null
        ]
      },
      "/Users/isurangaperera/RubymineProjects/ideals/app/app/helpers/application_helper.rb": {
        "lines": [
          1,
          null
        ]
      },
      "/Users/isurangaperera/RubymineProjects/ideals/app/app/helpers/assumptions_helper.rb": {
        "lines": [
          1,
          null
        ]
      },
      "/Users/isurangaperera/RubymineProjects/ideals/app/app/helpers/newobjects_helper.rb": {
        "lines": [
          1,
          null
        ]
      },
      "/Users/isurangaperera/RubymineProjects/ideals/app/app/helpers/practices_helper.rb": {
        "lines": [
          1,
          null
        ]
      },
      "/Users/isurangaperera/RubymineProjects/ideals/app/app/helpers/theories_helper.rb": {
        "lines": [
          1,
          null
        ]
      },
      "/Users/isurangaperera/RubymineProjects/ideals/app/app/controllers/assumptions_controller.rb": {
        "lines": [
          1,
          1,
          null,
          null,
          1,
          2,
          null,
          null,
          null,
          1,
          null,
          null,
          null,
          1,
          1,
          null,
          null,
          null,
          1,
          null,
          null,
          null,
          1,
          1,
          null,
          1,
          1,
          2,
          1,
          null,
          0,
          0,
          null,
          null,
          null,
          null,
          null,
          1,
          0,
          0,
          0,
          0,
          null,
          0,
          0,
          null,
          null,
          null,
          null,
          null,
          1,
          0,
          null,
          0,
          0,
          0,
          null,
          null,
          null,
          1,
          null,
          1,
          1,
          null,
          null,
          null,
          1,
          1,
          null,
          null
        ]
      },
      "/Users/isurangaperera/RubymineProjects/ideals/app/app/controllers/practices_controller.rb": {
        "lines": [
          1,
          1,
          null,
          null,
          1,
          2,
          null,
          null,
          null,
          1,
          null,
          null,
          null,
          1,
          1,
          null,
          null,
          null,
          1,
          null,
          null,
          null,
          1,
          1,
          null,
          1,
          1,
          2,
          1,
          null,
          0,
          0,
          null,
          null,
          null,
          null,
          null,
          1,
          0,
          0,
          0,
          0,
          null,
          0,
          0,
          null,
          null,
          null,
          null,
          null,
          1,
          0,
          null,
          0,
          0,
          0,
          null,
          null,
          null,
          1,
          null,
          1,
          1,
          null,
          null,
          null,
          1,
          1,
          null,
          null
        ]
      },
      "/Users/isurangaperera/RubymineProjects/ideals/app/app/controllers/main_controller.rb": {
        "lines": [
          1,
          1,
          null,
          null,
          1,
          3,
          null,
          null,
          null,
          1,
          null,
          null,
          null,
          1,
          0,
          null,
          null,
          null,
          1,
          null,
          null,
          null,
          1,
          0,
          0,
          null,
          0,
          0,
          0,
          null,
          0,
          0,
          null,
          null,
          0,
          0,
          null,
          null,
          0,
          0,
          null,
          null,
          null,
          0,
          0,
          null,
          0,
          0,
          null,
          null,
          null,
          null,
          null,
          1,
          0,
          0,
          0,
          0,
          null,
          0,
          0,
          null,
          null,
          null,
          null,
          null,
          1,
          0,
          null,
          0,
          0,
          0,
          null,
          null,
          null,
          1,
          null,
          1,
          0,
          null,
          null,
          null,
          1,
          0,
          null,
          null
        ]
      },
      "/Users/isurangaperera/RubymineProjects/ideals/app/app/models/newobject.rb": {
        "lines": [
          1,
          null
        ]
      },
      "/Users/isurangaperera/RubymineProjects/ideals/app/app/controllers/auth0_controller.rb": {
        "lines": [
          0,
          0,
          null,
          null,
          null,
          null,
          null,
          null,
          0,
          0,
          null,
          null,
          0,
          0,
          null,
          0,
          null,
          0,
          0,
          null,
          0,
          0,
          0,
          0,
          null,
          0,
          0,
          null,
          0,
          0,
          0,
          0,
          0,
          null,
          0,
          0,
          null,
          0,
          0,
          0,
          0
        ],
        "branches": {
        }
      },
      "/Users/isurangaperera/RubymineProjects/ideals/app/app/controllers/concerns/secured.rb": {
        "lines": [
          0,
          0,
          null,
          0,
          0,
          0,
          null,
          0,
          0,
          0,
          0
        ],
        "branches": {
        }
      }
    },
    "timestamp": 1678481607
  }
}
